<?xml version="1.0" encoding="UTF-8" ?>

<testsuite failures="0" time="0.718" errors="0" skipped="0" tests="3" name="ApplicationTest">
  <testcase classname="ApplicationTest" name="testReg" time="0.365">
      </testcase>
  <testcase classname="ApplicationTest" name="testSecurity" time="0.072">
      </testcase>
  <testcase classname="ApplicationTest" name="testThatIndexPageWorks" time="0.281">
      </testcase>
</testsuite>
